time="2025-01-24T01:48:20+05:00" level=info msg="logger initialized" func="main.go:25" file="main.main()"
time="2025-01-24T01:48:20+05:00" level=fatal msg="Failed to initialize Redis" func="server.go:30" file="github.com/gMerl1n/notes_microservices/app/server.NewHttpServer()"
time="2025-01-24T01:49:28+05:00" level=info msg="logger initialized" func="main.go:25" file="main.main()"
time="2025-01-24T01:49:29+05:00" level=fatal msg="Failed to initialize Redis" func="server.go:30" file="github.com/gMerl1n/notes_microservices/app/server.NewHttpServer()"
time="2025-01-24T01:50:12+05:00" level=info msg="logger initialized" func="main.go:25" file="main.main()"
time="2025-01-24T01:50:12+05:00" level=info msg="Starting API Server..." func="main.go:70" file="main.main()"
time="2025-01-24T01:51:26+05:00" level=info msg="logger initialized" func="main.go:25" file="main.main()"
time="2025-01-24T01:51:26+05:00" level=info msg="Starting API Server..." func="main.go:69" file="main.main()"
time="2025-01-24T01:51:26+05:00" level=fatal msg="listen tcp: address 0.0.0.0: missing port in address" func="main.go:72" file="main.main()"
time="2025-01-24T01:52:01+05:00" level=info msg="logger initialized" func="main.go:25" file="main.main()"
time="2025-01-24T01:52:01+05:00" level=info msg="Starting API Server..." func="main.go:69" file="main.main()"
time="2025-01-24T19:09:03+05:00" level=info msg="logger initialized" func="main.go:26" file="main.main()"
time="2025-01-24T19:09:03+05:00" level=info msg="Starting API Server..." func="main.go:72" file="main.main()"
time="2025-01-24T19:09:37+05:00" level=info msg="creating user..." func="user_handlers.go:32" file="github.com/gMerl1n/notes_microservices/app/internal/handlers.(*HandlerUser).CreateUser()"
time="2025-01-24T19:09:37+05:00" level=warning msg="Failed to validate user dataKey: 'CreateUserRequest.RepeatPassword' Error:Field validation for 'RepeatPassword' failed on the 'required' tag" func="user_handlers.go:44" file="github.com/gMerl1n/notes_microservices/app/internal/handlers.(*HandlerUser).CreateUser()"
time="2025-01-24T19:09:37+05:00" level=debug msg="check password and repeat password" func="user_services.go:48" file="github.com/gMerl1n/notes_microservices/app/internal/services.(*ServiceUser).CreateUser()"
time="2025-01-24T19:10:18+05:00" level=info msg="creating user..." func="user_handlers.go:32" file="github.com/gMerl1n/notes_microservices/app/internal/handlers.(*HandlerUser).CreateUser()"
time="2025-01-24T19:10:18+05:00" level=debug msg="check password and repeat password" func="user_services.go:48" file="github.com/gMerl1n/notes_microservices/app/internal/services.(*ServiceUser).CreateUser()"
time="2025-01-24T19:10:18+05:00" level=debug msg="generate password hash" func="user_services.go:53" file="github.com/gMerl1n/notes_microservices/app/internal/services.(*ServiceUser).CreateUser()"
time="2025-01-24T19:10:18+05:00" level=error msg="failed to create user: %wfailed to connect to `user=pguser database=postgres`:\n\thostname resolving error: lookup test on 127.0.0.53:53: server misbehaving\n\tlookup test on 127.0.0.53:53: server misbehaving" func="user_services.go:64" file="github.com/gMerl1n/notes_microservices/app/internal/services.(*ServiceUser).CreateUser()"
time="2025-01-24T19:16:01+05:00" level=info msg="creating user..." func="user_handlers.go:32" file="github.com/gMerl1n/notes_microservices/app/internal/handlers.(*HandlerUser).CreateUser()"
time="2025-01-24T19:16:01+05:00" level=debug msg="check password and repeat password" func="user_services.go:48" file="github.com/gMerl1n/notes_microservices/app/internal/services.(*ServiceUser).CreateUser()"
time="2025-01-24T19:16:01+05:00" level=debug msg="generate password hash" func="user_services.go:53" file="github.com/gMerl1n/notes_microservices/app/internal/services.(*ServiceUser).CreateUser()"
time="2025-01-24T19:16:01+05:00" level=error msg="failed to create user: %wfailed to connect to `user=pguser database=postgres`:\n\thostname resolving error: lookup test on 127.0.0.53:53: server misbehaving\n\tlookup test on 127.0.0.53:53: server misbehaving" func="user_services.go:64" file="github.com/gMerl1n/notes_microservices/app/internal/services.(*ServiceUser).CreateUser()"
time="2025-01-24T19:16:02+05:00" level=info msg="creating user..." func="user_handlers.go:32" file="github.com/gMerl1n/notes_microservices/app/internal/handlers.(*HandlerUser).CreateUser()"
time="2025-01-24T19:16:02+05:00" level=debug msg="check password and repeat password" func="user_services.go:48" file="github.com/gMerl1n/notes_microservices/app/internal/services.(*ServiceUser).CreateUser()"
time="2025-01-24T19:16:02+05:00" level=debug msg="generate password hash" func="user_services.go:53" file="github.com/gMerl1n/notes_microservices/app/internal/services.(*ServiceUser).CreateUser()"
time="2025-01-24T19:16:02+05:00" level=error msg="failed to create user: %wfailed to connect to `user=pguser database=postgres`:\n\thostname resolving error: lookup test on 127.0.0.53:53: server misbehaving\n\tlookup test on 127.0.0.53:53: server misbehaving" func="user_services.go:64" file="github.com/gMerl1n/notes_microservices/app/internal/services.(*ServiceUser).CreateUser()"
time="2025-01-24T19:16:33+05:00" level=info msg="creating user..." func="user_handlers.go:32" file="github.com/gMerl1n/notes_microservices/app/internal/handlers.(*HandlerUser).CreateUser()"
time="2025-01-24T19:16:33+05:00" level=debug msg="check password and repeat password" func="user_services.go:48" file="github.com/gMerl1n/notes_microservices/app/internal/services.(*ServiceUser).CreateUser()"
time="2025-01-24T19:16:33+05:00" level=debug msg="generate password hash" func="user_services.go:53" file="github.com/gMerl1n/notes_microservices/app/internal/services.(*ServiceUser).CreateUser()"
time="2025-01-24T19:16:33+05:00" level=error msg="failed to create user: %wfailed to connect to `user=pguser database=postgres`:\n\thostname resolving error: lookup test on 127.0.0.53:53: server misbehaving\n\tlookup test on 127.0.0.53:53: server misbehaving" func="user_services.go:64" file="github.com/gMerl1n/notes_microservices/app/internal/services.(*ServiceUser).CreateUser()"
time="2025-01-24T19:16:38+05:00" level=info msg="logger initialized" func="main.go:26" file="main.main()"
time="2025-01-24T19:16:38+05:00" level=info msg="Starting API Server..." func="main.go:72" file="main.main()"
time="2025-01-24T19:16:41+05:00" level=info msg="creating user..." func="user_handlers.go:32" file="github.com/gMerl1n/notes_microservices/app/internal/handlers.(*HandlerUser).CreateUser()"
time="2025-01-24T19:16:41+05:00" level=debug msg="check password and repeat password" func="user_services.go:48" file="github.com/gMerl1n/notes_microservices/app/internal/services.(*ServiceUser).CreateUser()"
time="2025-01-24T19:16:41+05:00" level=debug msg="generate password hash" func="user_services.go:53" file="github.com/gMerl1n/notes_microservices/app/internal/services.(*ServiceUser).CreateUser()"
time="2025-01-24T19:16:41+05:00" level=error msg="failed to create user: %wfailed to connect to `user=pguser database=postgres`:\n\thostname resolving error: lookup test on 127.0.0.53:53: server misbehaving\n\tlookup test on 127.0.0.53:53: server misbehaving" func="user_services.go:64" file="github.com/gMerl1n/notes_microservices/app/internal/services.(*ServiceUser).CreateUser()"
time="2025-01-24T19:44:18+05:00" level=info msg="logger initialized" func="main.go:26" file="main.main()"
time="2025-01-24T19:44:18+05:00" level=info msg="Starting API Server..." func="main.go:72" file="main.main()"
time="2025-01-24T19:44:23+05:00" level=info msg="creating user..." func="user_handlers.go:32" file="github.com/gMerl1n/notes_microservices/app/internal/handlers.(*HandlerUser).CreateUser()"
time="2025-01-24T19:44:23+05:00" level=debug msg="check password and repeat password" func="user_services.go:48" file="github.com/gMerl1n/notes_microservices/app/internal/services.(*ServiceUser).CreateUser()"
time="2025-01-24T19:44:23+05:00" level=debug msg="generate password hash" func="user_services.go:53" file="github.com/gMerl1n/notes_microservices/app/internal/services.(*ServiceUser).CreateUser()"
time="2025-01-24T19:44:30+05:00" level=info msg="creating user..." func="user_handlers.go:32" file="github.com/gMerl1n/notes_microservices/app/internal/handlers.(*HandlerUser).CreateUser()"
time="2025-01-24T19:44:30+05:00" level=debug msg="check password and repeat password" func="user_services.go:48" file="github.com/gMerl1n/notes_microservices/app/internal/services.(*ServiceUser).CreateUser()"
time="2025-01-24T19:44:30+05:00" level=debug msg="generate password hash" func="user_services.go:53" file="github.com/gMerl1n/notes_microservices/app/internal/services.(*ServiceUser).CreateUser()"
time="2025-01-24T19:45:29+05:00" level=info msg="logger initialized" func="main.go:26" file="main.main()"
time="2025-01-24T19:45:29+05:00" level=info msg="Starting API Server..." func="main.go:72" file="main.main()"
time="2025-01-24T19:45:36+05:00" level=info msg="creating user..." func="user_handlers.go:32" file="github.com/gMerl1n/notes_microservices/app/internal/handlers.(*HandlerUser).CreateUser()"
time="2025-01-24T19:45:36+05:00" level=debug msg="check password and repeat password" func="user_services.go:48" file="github.com/gMerl1n/notes_microservices/app/internal/services.(*ServiceUser).CreateUser()"
time="2025-01-24T19:45:36+05:00" level=debug msg="generate password hash" func="user_services.go:53" file="github.com/gMerl1n/notes_microservices/app/internal/services.(*ServiceUser).CreateUser()"
time="2025-01-24T19:45:36+05:00" level=error msg="failed to create user: %wfailed to connect to `user=pguser database=postgres`:\n\thostname resolving error: lookup test on 127.0.0.53:53: server misbehaving\n\tlookup test on 127.0.0.53:53: server misbehaving" func="user_services.go:64" file="github.com/gMerl1n/notes_microservices/app/internal/services.(*ServiceUser).CreateUser()"
time="2025-01-24T19:49:35+05:00" level=info msg="logger initialized" func="main.go:26" file="main.main()"
time="2025-01-24T19:49:35+05:00" level=info msg="Starting API Server..." func="main.go:74" file="main.main()"
time="2025-01-24T19:49:47+05:00" level=info msg="logger initialized" func="main.go:26" file="main.main()"
time="2025-01-24T19:49:47+05:00" level=info msg="Starting API Server..." func="main.go:74" file="main.main()"
time="2025-01-24T19:49:52+05:00" level=info msg="creating user..." func="user_handlers.go:32" file="github.com/gMerl1n/notes_microservices/app/internal/handlers.(*HandlerUser).CreateUser()"
time="2025-01-24T19:49:52+05:00" level=debug msg="check password and repeat password" func="user_services.go:48" file="github.com/gMerl1n/notes_microservices/app/internal/services.(*ServiceUser).CreateUser()"
time="2025-01-24T19:49:52+05:00" level=debug msg="generate password hash" func="user_services.go:53" file="github.com/gMerl1n/notes_microservices/app/internal/services.(*ServiceUser).CreateUser()"
time="2025-01-24T19:49:52+05:00" level=error msg="failed to create user: %wERROR: null value in column \"uuid\" of relation \"users\" violates not-null constraint (SQLSTATE 23502)" func="user_services.go:64" file="github.com/gMerl1n/notes_microservices/app/internal/services.(*ServiceUser).CreateUser()"
time="2025-01-24T19:58:51+05:00" level=info msg="logger initialized" func="main.go:26" file="main.main()"
time="2025-01-24T19:58:51+05:00" level=info msg="Starting API Server..." func="main.go:72" file="main.main()"
time="2025-01-24T19:58:55+05:00" level=info msg="creating user..." func="user_handlers.go:32" file="github.com/gMerl1n/notes_microservices/app/internal/handlers.(*HandlerUser).CreateUser()"
time="2025-01-24T19:58:55+05:00" level=debug msg="check password and repeat password" func="user_services.go:48" file="github.com/gMerl1n/notes_microservices/app/internal/services.(*ServiceUser).CreateUser()"
time="2025-01-24T19:58:55+05:00" level=debug msg="generate password hash" func="user_services.go:53" file="github.com/gMerl1n/notes_microservices/app/internal/services.(*ServiceUser).CreateUser()"
time="2025-01-24T20:20:08+05:00" level=info msg="logger initialized" func="main.go:26" file="main.main()"
time="2025-01-24T20:20:08+05:00" level=info msg="Starting API Server..." func="main.go:72" file="main.main()"
time="2025-01-24T20:20:12+05:00" level=error msg="Failed to unmarshal user data %winvalid character '}' looking for beginning of object key string" func="user_handlers.go:80" file="github.com/gMerl1n/notes_microservices/app/internal/handlers.(*HandlerUser).LoginUser()"
time="2025-01-24T20:20:12+05:00" level=error msg="Failed to user by emailERROR: column \"uuid\" does not exist (SQLSTATE 42703)" func="user_services.go:83" file="github.com/gMerl1n/notes_microservices/app/internal/services.(*ServiceUser).Login()"
time="2025-01-24T20:20:17+05:00" level=error msg="Failed to user by emailERROR: column \"uuid\" does not exist (SQLSTATE 42703)" func="user_services.go:83" file="github.com/gMerl1n/notes_microservices/app/internal/services.(*ServiceUser).Login()"
time="2025-01-24T20:20:40+05:00" level=info msg="logger initialized" func="main.go:26" file="main.main()"
time="2025-01-24T20:20:40+05:00" level=info msg="Starting API Server..." func="main.go:72" file="main.main()"
time="2025-01-24T20:27:14+05:00" level=info msg="logger initialized" func="main.go:26" file="main.main()"
time="2025-01-24T20:27:14+05:00" level=info msg="Starting API Server..." func="main.go:72" file="main.main()"
time="2025-01-24T20:33:36+05:00" level=info msg="logger initialized" func="main.go:26" file="main.main()"
time="2025-01-24T20:33:36+05:00" level=info msg="Starting API Server..." func="main.go:72" file="main.main()"
time="2025-01-24T20:38:11+05:00" level=info msg="logger initialized" func="main.go:26" file="main.main()"
time="2025-01-24T20:38:11+05:00" level=info msg="Starting API Server..." func="main.go:72" file="main.main()"
time="2025-01-24T20:50:34+05:00" level=info msg="logger initialized" func="main.go:26" file="main.main()"
time="2025-01-24T20:50:34+05:00" level=info msg="Starting API Server..." func="main.go:72" file="main.main()"
time="2025-01-24T20:51:24+05:00" level=info msg="logger initialized" func="main.go:26" file="main.main()"
time="2025-01-24T20:51:24+05:00" level=info msg="Starting API Server..." func="main.go:72" file="main.main()"
time="2025-01-24T21:02:07+05:00" level=info msg="logger initialized" func="main.go:26" file="main.main()"
time="2025-01-24T21:02:07+05:00" level=info msg="Starting API Server..." func="main.go:72" file="main.main()"
time="2025-01-24T21:02:55+05:00" level=info msg="logger initialized" func="main.go:26" file="main.main()"
time="2025-01-24T21:02:55+05:00" level=info msg="Starting API Server..." func="main.go:72" file="main.main()"
time="2025-01-24T21:03:53+05:00" level=info msg="logger initialized" func="main.go:26" file="main.main()"
time="2025-01-24T21:03:53+05:00" level=info msg="Starting API Server..." func="main.go:72" file="main.main()"
time="2025-01-24T21:04:26+05:00" level=info msg="logger initialized" func="main.go:26" file="main.main()"
time="2025-01-24T21:04:26+05:00" level=info msg="Starting API Server..." func="main.go:72" file="main.main()"
time="2025-01-24T21:06:18+05:00" level=info msg="logger initialized" func="main.go:26" file="main.main()"
time="2025-01-24T21:06:18+05:00" level=info msg="Starting API Server..." func="main.go:72" file="main.main()"
time="2025-01-24T21:07:40+05:00" level=info msg="logger initialized" func="main.go:26" file="main.main()"
time="2025-01-24T21:07:40+05:00" level=info msg="Starting API Server..." func="main.go:72" file="main.main()"
time="2025-01-24T21:13:35+05:00" level=info msg="logger initialized" func="main.go:26" file="main.main()"
time="2025-01-24T21:13:35+05:00" level=info msg="Starting API Server..." func="main.go:72" file="main.main()"
time="2025-01-24T21:13:47+05:00" level=error msg="failed to get session by refresh token %wWRONGTYPE Operation against a key holding the wrong kind of value" func="user_services.go:132" file="github.com/gMerl1n/notes_microservices/app/internal/services.(*ServiceUser).RefreshTokens()"
time="2025-01-24T21:14:14+05:00" level=error msg="failed to get session by refresh token %wWRONGTYPE Operation against a key holding the wrong kind of value" func="user_services.go:132" file="github.com/gMerl1n/notes_microservices/app/internal/services.(*ServiceUser).RefreshTokens()"
time="2025-01-24T21:22:12+05:00" level=info msg="logger initialized" func="main.go:26" file="main.main()"
time="2025-01-24T21:22:12+05:00" level=info msg="Starting API Server..." func="main.go:72" file="main.main()"
time="2025-01-24T21:22:15+05:00" level=error msg="failed to get session by refresh token %wWRONGTYPE Operation against a key holding the wrong kind of value" func="user_services.go:132" file="github.com/gMerl1n/notes_microservices/app/internal/services.(*ServiceUser).RefreshTokens()"
time="2025-01-24T21:23:07+05:00" level=info msg="logger initialized" func="main.go:26" file="main.main()"
time="2025-01-24T21:23:07+05:00" level=info msg="Starting API Server..." func="main.go:72" file="main.main()"
time="2025-01-24T21:24:11+05:00" level=info msg="logger initialized" func="main.go:26" file="main.main()"
time="2025-01-24T21:24:11+05:00" level=info msg="Starting API Server..." func="main.go:72" file="main.main()"
time="2025-01-24T21:33:11+05:00" level=info msg="logger initialized" func="main.go:26" file="main.main()"
time="2025-01-24T21:33:11+05:00" level=info msg="Starting API Server..." func="main.go:72" file="main.main()"
time="2025-01-24T21:33:14+05:00" level=info msg="Refresh Token:d4b4d7bebf042d3b707fc1771e8ab07c477d2faeaaafe30cd9797593877c71a2" func="user_redis_repository.go:28" file="github.com/gMerl1n/notes_microservices/app/internal/repository.(*RedisRepositoryUser).SaveUserByToken()"
time="2025-01-24T21:33:33+05:00" level=info msg="User ID from refresh token1" func="user_redis_repository.go:48" file="github.com/gMerl1n/notes_microservices/app/internal/repository.(*RedisRepositoryUser).GetUserByToken()"
time="2025-01-24T21:33:33+05:00" level=info msg="Refresh Token:8dfa60030a7bf8152a877390f5bb8375880e31b4876a6386aac2f8682cddd1a3" func="user_redis_repository.go:28" file="github.com/gMerl1n/notes_microservices/app/internal/repository.(*RedisRepositoryUser).SaveUserByToken()"
time="2025-01-24T21:33:57+05:00" level=info msg="logger initialized" func="main.go:26" file="main.main()"
time="2025-01-24T21:33:57+05:00" level=info msg="Starting API Server..." func="main.go:72" file="main.main()"
time="2025-01-24T21:33:59+05:00" level=info msg="User ID from refresh token: " func="user_redis_repository.go:48" file="github.com/gMerl1n/notes_microservices/app/internal/repository.(*RedisRepositoryUser).GetUserByToken()"
time="2025-01-24T21:33:59+05:00" level=info msg="Refresh Token:3c3c107d112014d7abc7d39bda07c791a72d17754f1a82371096c5c8d5a8c544" func="user_redis_repository.go:28" file="github.com/gMerl1n/notes_microservices/app/internal/repository.(*RedisRepositoryUser).SaveUserByToken()"
time="2025-01-24T21:36:58+05:00" level=info msg="logger initialized" func="main.go:26" file="main.main()"
time="2025-01-24T21:36:58+05:00" level=info msg="Starting API Server..." func="main.go:72" file="main.main()"
time="2025-01-24T21:37:02+05:00" level=info msg="User ID from refresh token: " func="user_redis_repository.go:49" file="github.com/gMerl1n/notes_microservices/app/internal/repository.(*RedisRepositoryUser).GetUserByToken()"
time="2025-01-24T21:37:02+05:00" level=info msg="Refresh Token:f12dce3093f686c8dbd4e995352ed5632fa45200b77a4d901cfc8dc66a75ac95" func="user_redis_repository.go:29" file="github.com/gMerl1n/notes_microservices/app/internal/repository.(*RedisRepositoryUser).SaveUserByToken()"
time="2025-01-24T21:37:24+05:00" level=info msg="Refresh Token:39ef06c6e962f0f2df35e33e0d1f4c195f55585c1509b4c9dc08d5d93c5803f8" func="user_redis_repository.go:29" file="github.com/gMerl1n/notes_microservices/app/internal/repository.(*RedisRepositoryUser).SaveUserByToken()"
time="2025-01-24T21:37:29+05:00" level=info msg="User ID from refresh token: 1" func="user_redis_repository.go:49" file="github.com/gMerl1n/notes_microservices/app/internal/repository.(*RedisRepositoryUser).GetUserByToken()"
time="2025-01-24T21:37:29+05:00" level=info msg="Refresh Token:7dbd32112ac0dfa2f86699c550fc4eeab290351d454c67f987d05ff7fbb58a72" func="user_redis_repository.go:29" file="github.com/gMerl1n/notes_microservices/app/internal/repository.(*RedisRepositoryUser).SaveUserByToken()"
time="2025-01-24T21:50:31+05:00" level=info msg="logger initialized" func="main.go:26" file="main.main()"
time="2025-01-24T21:50:31+05:00" level=info msg="Starting API Server..." func="main.go:72" file="main.main()"
time="2025-01-24T21:50:36+05:00" level=info msg="User ID from refresh token: " func="user_redis_repository.go:48" file="github.com/gMerl1n/notes_microservices/app/internal/repository.(*RedisRepositoryUser).GetUserByToken()"
time="2025-01-24T21:50:36+05:00" level=warning msg="failed to delete session by refresh token %w<nil>" func="user_services.go:139" file="github.com/gMerl1n/notes_microservices/app/internal/services.(*ServiceUser).RefreshTokens()"
time="2025-01-24T21:50:36+05:00" level=info msg="Refresh Token:28d3bc091f52575a5438e66abbaa99e78a7f766dd007e3a60c3e33c7fc55ba57" func="user_redis_repository.go:28" file="github.com/gMerl1n/notes_microservices/app/internal/repository.(*RedisRepositoryUser).SaveUserByToken()"
time="2025-01-24T21:50:50+05:00" level=info msg="Refresh Token:9ddb4af85b31e11bb8480b9c0cee68cf454234745cdf9d7372f03763a2583c20" func="user_redis_repository.go:28" file="github.com/gMerl1n/notes_microservices/app/internal/repository.(*RedisRepositoryUser).SaveUserByToken()"
time="2025-01-24T21:51:04+05:00" level=info msg="User ID from refresh token: 1" func="user_redis_repository.go:48" file="github.com/gMerl1n/notes_microservices/app/internal/repository.(*RedisRepositoryUser).GetUserByToken()"
time="2025-01-24T21:51:04+05:00" level=warning msg="failed to delete session by refresh token %w<nil>" func="user_services.go:139" file="github.com/gMerl1n/notes_microservices/app/internal/services.(*ServiceUser).RefreshTokens()"
time="2025-01-24T21:51:04+05:00" level=info msg="Refresh Token:12d7566f66702c569cbfe16925825bc74c399d0099565e3632773d74888fcb50" func="user_redis_repository.go:28" file="github.com/gMerl1n/notes_microservices/app/internal/repository.(*RedisRepositoryUser).SaveUserByToken()"
time="2025-01-24T21:52:08+05:00" level=info msg="logger initialized" func="main.go:26" file="main.main()"
time="2025-01-24T21:52:08+05:00" level=info msg="Starting API Server..." func="main.go:72" file="main.main()"
time="2025-01-24T21:52:12+05:00" level=info msg="User ID from refresh token: 1" func="user_redis_repository.go:48" file="github.com/gMerl1n/notes_microservices/app/internal/repository.(*RedisRepositoryUser).GetUserByToken()"
time="2025-01-24T21:52:12+05:00" level=info msg="Refresh Token:1805bea7b90eead3761f89c7e0fd7e5ccad1f86b8e5ad4dab7ae1396d2eae005" func="user_redis_repository.go:28" file="github.com/gMerl1n/notes_microservices/app/internal/repository.(*RedisRepositoryUser).SaveUserByToken()"
time="2025-01-24T21:52:26+05:00" level=info msg="Refresh Token:8d0dca02c6fe42141b9ad461f4d5813431e69e55fe521055f155d26877adb279" func="user_redis_repository.go:28" file="github.com/gMerl1n/notes_microservices/app/internal/repository.(*RedisRepositoryUser).SaveUserByToken()"
time="2025-01-24T21:52:31+05:00" level=info msg="User ID from refresh token: 1" func="user_redis_repository.go:48" file="github.com/gMerl1n/notes_microservices/app/internal/repository.(*RedisRepositoryUser).GetUserByToken()"
time="2025-01-24T21:52:31+05:00" level=info msg="Refresh Token:508b46d4051235a532cb2fe68a3e0245432450cfec1254f53658e01ac7137200" func="user_redis_repository.go:28" file="github.com/gMerl1n/notes_microservices/app/internal/repository.(*RedisRepositoryUser).SaveUserByToken()"
time="2025-01-24T21:52:51+05:00" level=info msg="Refresh Token:e6c933dd1d57e6bf0716dd950a190e07e6acdb8e4806411c8de3b494e664c33e" func="user_redis_repository.go:28" file="github.com/gMerl1n/notes_microservices/app/internal/repository.(*RedisRepositoryUser).SaveUserByToken()"
time="2025-01-24T21:53:05+05:00" level=info msg="User ID from refresh token: 1" func="user_redis_repository.go:48" file="github.com/gMerl1n/notes_microservices/app/internal/repository.(*RedisRepositoryUser).GetUserByToken()"
time="2025-01-24T21:53:05+05:00" level=info msg="Refresh Token:53d6719e9a6a5f808b503928d4845cef8c679c7fcb3e016e825606f78c7b1870" func="user_redis_repository.go:28" file="github.com/gMerl1n/notes_microservices/app/internal/repository.(*RedisRepositoryUser).SaveUserByToken()"
time="2025-01-24T21:56:22+05:00" level=info msg="logger initialized" func="main.go:26" file="main.main()"
time="2025-01-24T21:56:22+05:00" level=info msg="Starting API Server..." func="main.go:72" file="main.main()"
time="2025-01-24T21:56:25+05:00" level=info msg="Refresh Token:86fb3de12a86e50b129dc9c1bf48c14535c362308d7a7f6449c75e6ee367fc42" func="user_redis_repository.go:28" file="github.com/gMerl1n/notes_microservices/app/internal/repository.(*RedisRepositoryUser).SaveUserByToken()"
time="2025-01-24T21:56:39+05:00" level=info msg="User ID from refresh token: 1" func="user_redis_repository.go:48" file="github.com/gMerl1n/notes_microservices/app/internal/repository.(*RedisRepositoryUser).GetUserByToken()"
time="2025-01-24T21:56:39+05:00" level=info msg="Refresh Token:7b03ea0ba542b44c95b3058c66b6332e4e6c7b3a16f1aa60586664800986aeb8" func="user_redis_repository.go:28" file="github.com/gMerl1n/notes_microservices/app/internal/repository.(*RedisRepositoryUser).SaveUserByToken()"
