time="2024-05-02T09:46:50+05:00" level=info msg="logger initialized" func="main.go:29" file="main.main()"
time="2024-05-02T09:46:50+05:00" level=info msg="starting applicationenv=local cfg=&{0.0.0.0 :10001 $3cr3t true local 120 43200}" func="main.go:95" file="main.main()"
time="2024-05-02T09:47:14+05:00" level=info msg="creating user..." func="handlers.go:36" file="github.com/iriskin77/notes_microservices/app/internal/auth.(*Handler).CreateUser()"
time="2024-05-02T09:47:14+05:00" level=debug msg="check password and repeat password" func="services.go:47" file="github.com/iriskin77/notes_microservices/app/internal/auth.(*service).CreateUser()"
time="2024-05-02T09:47:14+05:00" level=debug msg="generate password hash" func="services.go:54" file="github.com/iriskin77/notes_microservices/app/internal/auth.(*service).CreateUser()"
time="2024-05-02T09:47:21+05:00" level=info msg="creating user..." func="handlers.go:36" file="github.com/iriskin77/notes_microservices/app/internal/auth.(*Handler).CreateUser()"
time="2024-05-02T09:47:21+05:00" level=debug msg="check password and repeat password" func="services.go:47" file="github.com/iriskin77/notes_microservices/app/internal/auth.(*service).CreateUser()"
time="2024-05-02T09:47:21+05:00" level=debug msg="generate password hash" func="services.go:54" file="github.com/iriskin77/notes_microservices/app/internal/auth.(*service).CreateUser()"
time="2024-05-02T11:26:31+05:00" level=info msg="logger initialized" func="main.go:29" file="main.main()"
time="2024-05-02T11:26:32+05:00" level=info msg="starting applicationenv=local cfg=&{0.0.0.0 :10001 $3cr3t true local 120 43200}" func="main.go:95" file="main.main()"
time="2024-05-02T11:26:34+05:00" level=error msg="Failed to compare password and repeated password %wcrypto/bcrypt: hashedPassword is not the hash of the given password" func="services.go:81" file="github.com/iriskin77/notes_microservices/app/internal/auth.(*service).Login()"
time="2024-05-02T11:27:48+05:00" level=info msg="logger initialized" func="main.go:29" file="main.main()"
time="2024-05-02T11:27:48+05:00" level=info msg="starting applicationenv=local cfg=&{0.0.0.0 :10001 $3cr3t true local 120 43200}" func="main.go:95" file="main.main()"
time="2024-05-02T11:27:50+05:00" level=error msg="Failed to compare password and repeated password %scrypto/bcrypt: hashedPassword is not the hash of the given password" func="services.go:81" file="github.com/iriskin77/notes_microservices/app/internal/auth.(*service).Login()"
time="2024-05-02T11:33:57+05:00" level=info msg="logger initialized" func="main.go:29" file="main.main()"
time="2024-05-02T11:33:57+05:00" level=info msg="starting applicationenv=local cfg=&{0.0.0.0 :10001 $3cr3t true local 120 43200}" func="main.go:95" file="main.main()"
time="2024-05-02T11:34:00+05:00" level=error msg="Failed to compare password and repeated passwordcrypto/bcrypt: hashedPassword is not the hash of the given password" func="services.go:81" file="github.com/iriskin77/notes_microservices/app/internal/auth.(*service).Login()"
time="2024-05-02T11:35:01+05:00" level=info msg="logger initialized" func="main.go:29" file="main.main()"
time="2024-05-02T11:35:01+05:00" level=info msg="starting applicationenv=local cfg=&{0.0.0.0 :10001 $3cr3t true local 120 43200}" func="main.go:95" file="main.main()"
time="2024-05-02T11:35:05+05:00" level=error msg="Failed to compare password and repeated passwordcrypto/bcrypt: hashedPassword is not the hash of the given password" func="services.go:81" file="github.com/iriskin77/notes_microservices/app/internal/auth.(*service).Login()"
time="2024-05-02T11:42:01+05:00" level=error msg="Failed to compare password and repeated passwordcrypto/bcrypt: hashedPassword is not the hash of the given password" func="services.go:81" file="github.com/iriskin77/notes_microservices/app/internal/auth.(*service).Login()"
time="2024-05-02T11:44:24+05:00" level=info msg="creating user..." func="handlers.go:35" file="github.com/iriskin77/notes_microservices/app/internal/auth.(*Handler).CreateUser()"
time="2024-05-02T11:44:24+05:00" level=debug msg="check password and repeat password" func="services.go:46" file="github.com/iriskin77/notes_microservices/app/internal/auth.(*service).CreateUser()"
time="2024-05-02T11:44:24+05:00" level=debug msg="generate password hash" func="services.go:53" file="github.com/iriskin77/notes_microservices/app/internal/auth.(*service).CreateUser()"
time="2024-05-02T11:44:24+05:00" level=error msg="failed to create user: %wERROR: duplicate key value violates unique constraint \"users_email_key\" (SQLSTATE 23505)" func="services.go:63" file="github.com/iriskin77/notes_microservices/app/internal/auth.(*service).CreateUser()"
time="2024-05-02T11:45:11+05:00" level=info msg="logger initialized" func="main.go:29" file="main.main()"
time="2024-05-02T11:45:11+05:00" level=info msg="starting applicationenv=local cfg=&{0.0.0.0 :10001 $3cr3t true local 120 43200}" func="main.go:95" file="main.main()"
time="2024-05-02T11:45:12+05:00" level=info msg="creating user..." func="handlers.go:35" file="github.com/iriskin77/notes_microservices/app/internal/auth.(*Handler).CreateUser()"
time="2024-05-02T11:45:12+05:00" level=debug msg="check password and repeat password" func="services.go:46" file="github.com/iriskin77/notes_microservices/app/internal/auth.(*service).CreateUser()"
time="2024-05-02T11:45:12+05:00" level=debug msg="generate password hash" func="services.go:53" file="github.com/iriskin77/notes_microservices/app/internal/auth.(*service).CreateUser()"
time="2024-05-02T11:45:12+05:00" level=error msg="failed to create user: %wERROR: duplicate key value violates unique constraint \"users_email_key\" (SQLSTATE 23505)" func="services.go:63" file="github.com/iriskin77/notes_microservices/app/internal/auth.(*service).CreateUser()"
time="2024-05-02T11:45:44+05:00" level=info msg="logger initialized" func="main.go:29" file="main.main()"
time="2024-05-02T11:45:44+05:00" level=info msg="starting applicationenv=local cfg=&{0.0.0.0 :10001 $3cr3t true local 120 43200}" func="main.go:95" file="main.main()"
time="2024-05-02T11:45:46+05:00" level=info msg="creating user..." func="handlers.go:35" file="github.com/iriskin77/notes_microservices/app/internal/auth.(*Handler).CreateUser()"
time="2024-05-02T11:45:46+05:00" level=debug msg="check password and repeat password" func="services.go:46" file="github.com/iriskin77/notes_microservices/app/internal/auth.(*service).CreateUser()"
time="2024-05-02T11:45:46+05:00" level=debug msg="generate password hash" func="services.go:53" file="github.com/iriskin77/notes_microservices/app/internal/auth.(*service).CreateUser()"
time="2024-05-02T11:45:46+05:00" level=error msg="failed to create user: %wERROR: duplicate key value violates unique constraint \"users_email_key\" (SQLSTATE 23505)" func="services.go:63" file="github.com/iriskin77/notes_microservices/app/internal/auth.(*service).CreateUser()"
time="2024-05-02T11:54:12+05:00" level=info msg="creating user..." func="handlers.go:35" file="github.com/iriskin77/notes_microservices/app/internal/auth.(*Handler).CreateUser()"
time="2024-05-02T11:54:12+05:00" level=debug msg="check password and repeat password" func="services.go:46" file="github.com/iriskin77/notes_microservices/app/internal/auth.(*service).CreateUser()"
time="2024-05-02T11:54:12+05:00" level=debug msg="generate password hash" func="services.go:53" file="github.com/iriskin77/notes_microservices/app/internal/auth.(*service).CreateUser()"
time="2024-05-02T11:54:12+05:00" level=error msg="failed to create user: %wERROR: duplicate key value violates unique constraint \"users_email_key\" (SQLSTATE 23505)" func="services.go:63" file="github.com/iriskin77/notes_microservices/app/internal/auth.(*service).CreateUser()"
time="2024-05-02T11:54:22+05:00" level=info msg="creating user..." func="handlers.go:35" file="github.com/iriskin77/notes_microservices/app/internal/auth.(*Handler).CreateUser()"
time="2024-05-02T11:54:22+05:00" level=debug msg="check password and repeat password" func="services.go:46" file="github.com/iriskin77/notes_microservices/app/internal/auth.(*service).CreateUser()"
time="2024-05-02T11:54:22+05:00" level=debug msg="generate password hash" func="services.go:53" file="github.com/iriskin77/notes_microservices/app/internal/auth.(*service).CreateUser()"
time="2024-05-02T11:54:22+05:00" level=error msg="failed to create user: %wERROR: duplicate key value violates unique constraint \"users_email_key\" (SQLSTATE 23505)" func="services.go:63" file="github.com/iriskin77/notes_microservices/app/internal/auth.(*service).CreateUser()"
time="2024-05-02T11:54:34+05:00" level=info msg="creating user..." func="handlers.go:35" file="github.com/iriskin77/notes_microservices/app/internal/auth.(*Handler).CreateUser()"
time="2024-05-02T11:54:34+05:00" level=debug msg="check password and repeat password" func="services.go:46" file="github.com/iriskin77/notes_microservices/app/internal/auth.(*service).CreateUser()"
time="2024-05-02T11:54:34+05:00" level=debug msg="generate password hash" func="services.go:53" file="github.com/iriskin77/notes_microservices/app/internal/auth.(*service).CreateUser()"